#! /c/Source/iverilog-install/bin/vvp
:ivl_version "12.0 (devel)" "(s20150603-1110-g18392a46)";
:ivl_delay_selection "TYPICAL";
:vpi_time_precision + 0;
:vpi_module "C:\iverilog\lib\ivl\system.vpi";
:vpi_module "C:\iverilog\lib\ivl\vhdl_sys.vpi";
:vpi_module "C:\iverilog\lib\ivl\vhdl_textio.vpi";
:vpi_module "C:\iverilog\lib\ivl\v2005_math.vpi";
:vpi_module "C:\iverilog\lib\ivl\va_math.vpi";
S_000001cebdf2eb90 .scope module, "alu_32bit_tb" "alu_32bit_tb" 2 1;
 .timescale 0 0;
v000001cebdf2b8e0_0 .var "a", 31 0;
v000001cebdf2b980_0 .var "alu_sel", 3 0;
v000001cebdf2ba20_0 .var "b", 31 0;
v000001cebdf2bac0_0 .net "out", 31 0, v000001cebddb2b20_0;  1 drivers
S_000001cebdf2ed20 .scope module, "uut" "alu_32bit" 2 7, 3 1 0, S_000001cebdf2eb90;
 .timescale 0 0;
    .port_info 0 /INPUT 32 "a";
    .port_info 1 /INPUT 32 "b";
    .port_info 2 /INPUT 4 "alu_sel";
    .port_info 3 /OUTPUT 32 "out";
v000001cebdf2eeb0_0 .net "a", 31 0, v000001cebdf2b8e0_0;  1 drivers
v000001cebddb2f60_0 .net "alu_sel", 3 0, v000001cebdf2b980_0;  1 drivers
v000001cebdf2af30_0 .net "b", 31 0, v000001cebdf2ba20_0;  1 drivers
v000001cebddb2b20_0 .var "out", 31 0;
E_000001cebdf29960 .event anyedge, v000001cebddb2f60_0, v000001cebdf2eeb0_0, v000001cebdf2af30_0;
    .scope S_000001cebdf2ed20;
T_0 ;
    %wait E_000001cebdf29960;
    %pushi/vec4 0, 0, 32;
    %store/vec4 v000001cebddb2b20_0, 0, 32;
    %load/vec4 v000001cebddb2f60_0;
    %dup/vec4;
    %pushi/vec4 0, 0, 4;
    %cmp/u;
    %jmp/1 T_0.0, 6;
    %dup/vec4;
    %pushi/vec4 1, 0, 4;
    %cmp/u;
    %jmp/1 T_0.1, 6;
    %dup/vec4;
    %pushi/vec4 2, 0, 4;
    %cmp/u;
    %jmp/1 T_0.2, 6;
    %dup/vec4;
    %pushi/vec4 3, 0, 4;
    %cmp/u;
    %jmp/1 T_0.3, 6;
    %dup/vec4;
    %pushi/vec4 4, 0, 4;
    %cmp/u;
    %jmp/1 T_0.4, 6;
    %dup/vec4;
    %pushi/vec4 5, 0, 4;
    %cmp/u;
    %jmp/1 T_0.5, 6;
    %dup/vec4;
    %pushi/vec4 6, 0, 4;
    %cmp/u;
    %jmp/1 T_0.6, 6;
    %dup/vec4;
    %pushi/vec4 7, 0, 4;
    %cmp/u;
    %jmp/1 T_0.7, 6;
    %dup/vec4;
    %pushi/vec4 8, 0, 4;
    %cmp/u;
    %jmp/1 T_0.8, 6;
    %dup/vec4;
    %pushi/vec4 9, 0, 4;
    %cmp/u;
    %jmp/1 T_0.9, 6;
    %dup/vec4;
    %pushi/vec4 10, 0, 4;
    %cmp/u;
    %jmp/1 T_0.10, 6;
    %dup/vec4;
    %pushi/vec4 11, 0, 4;
    %cmp/u;
    %jmp/1 T_0.11, 6;
    %dup/vec4;
    %pushi/vec4 12, 0, 4;
    %cmp/u;
    %jmp/1 T_0.12, 6;
    %dup/vec4;
    %pushi/vec4 13, 0, 4;
    %cmp/u;
    %jmp/1 T_0.13, 6;
    %dup/vec4;
    %pushi/vec4 14, 0, 4;
    %cmp/u;
    %jmp/1 T_0.14, 6;
    %dup/vec4;
    %pushi/vec4 15, 0, 4;
    %cmp/u;
    %jmp/1 T_0.15, 6;
    %jmp T_0.16;
T_0.0 ;
    %load/vec4 v000001cebdf2eeb0_0;
    %load/vec4 v000001cebdf2af30_0;
    %and;
    %store/vec4 v000001cebddb2b20_0, 0, 32;
    %jmp T_0.16;
T_0.1 ;
    %load/vec4 v000001cebdf2eeb0_0;
    %load/vec4 v000001cebdf2af30_0;
    %or;
    %store/vec4 v000001cebddb2b20_0, 0, 32;
    %jmp T_0.16;
T_0.2 ;
    %load/vec4 v000001cebdf2eeb0_0;
    %load/vec4 v000001cebdf2af30_0;
    %xor;
    %store/vec4 v000001cebddb2b20_0, 0, 32;
    %jmp T_0.16;
T_0.3 ;
    %load/vec4 v000001cebdf2eeb0_0;
    %load/vec4 v000001cebdf2af30_0;
    %or;
    %inv;
    %store/vec4 v000001cebddb2b20_0, 0, 32;
    %jmp T_0.16;
T_0.4 ;
    %load/vec4 v000001cebdf2eeb0_0;
    %load/vec4 v000001cebdf2af30_0;
    %and;
    %inv;
    %store/vec4 v000001cebddb2b20_0, 0, 32;
    %jmp T_0.16;
T_0.5 ;
    %load/vec4 v000001cebdf2eeb0_0;
    %store/vec4 v000001cebddb2b20_0, 0, 32;
    %jmp T_0.16;
T_0.6 ;
    %load/vec4 v000001cebdf2af30_0;
    %store/vec4 v000001cebddb2b20_0, 0, 32;
    %jmp T_0.16;
T_0.7 ;
    %load/vec4 v000001cebdf2eeb0_0;
    %inv;
    %store/vec4 v000001cebddb2b20_0, 0, 32;
    %jmp T_0.16;
T_0.8 ;
    %load/vec4 v000001cebdf2af30_0;
    %inv;
    %store/vec4 v000001cebddb2b20_0, 0, 32;
    %jmp T_0.16;
T_0.9 ;
    %load/vec4 v000001cebdf2eeb0_0;
    %load/vec4 v000001cebdf2af30_0;
    %add;
    %store/vec4 v000001cebddb2b20_0, 0, 32;
    %jmp T_0.16;
T_0.10 ;
    %load/vec4 v000001cebdf2eeb0_0;
    %load/vec4 v000001cebdf2af30_0;
    %sub;
    %store/vec4 v000001cebddb2b20_0, 0, 32;
    %jmp T_0.16;
T_0.11 ;
    %load/vec4 v000001cebdf2eeb0_0;
    %ix/load 4, 1, 0;
    %flag_set/imm 4, 0;
    %shiftl 4;
    %store/vec4 v000001cebddb2b20_0, 0, 32;
    %jmp T_0.16;
T_0.12 ;
    %load/vec4 v000001cebdf2eeb0_0;
    %ix/load 4, 1, 0;
    %flag_set/imm 4, 0;
    %shiftr 4;
    %store/vec4 v000001cebddb2b20_0, 0, 32;
    %jmp T_0.16;
T_0.13 ;
    %load/vec4 v000001cebdf2eeb0_0;
    %ix/load 4, 1, 0;
    %flag_set/imm 4, 0;
    %shiftr/s 4;
    %store/vec4 v000001cebddb2b20_0, 0, 32;
    %jmp T_0.16;
T_0.14 ;
    %load/vec4 v000001cebdf2eeb0_0;
    %load/vec4 v000001cebdf2af30_0;
    %cmp/s;
    %flag_mov 8, 5;
    %jmp/0 T_0.17, 8;
    %pushi/vec4 1, 0, 32;
    %jmp/1 T_0.18, 8;
T_0.17 ; End of true expr.
    %pushi/vec4 0, 0, 32;
    %jmp/0 T_0.18, 8;
 ; End of false expr.
    %blend;
T_0.18;
    %store/vec4 v000001cebddb2b20_0, 0, 32;
    %jmp T_0.16;
T_0.15 ;
    %load/vec4 v000001cebdf2eeb0_0;
    %load/vec4 v000001cebdf2af30_0;
    %cmp/e;
    %flag_mov 8, 4;
    %jmp/0 T_0.19, 8;
    %pushi/vec4 1, 0, 32;
    %jmp/1 T_0.20, 8;
T_0.19 ; End of true expr.
    %pushi/vec4 0, 0, 32;
    %jmp/0 T_0.20, 8;
 ; End of false expr.
    %blend;
T_0.20;
    %store/vec4 v000001cebddb2b20_0, 0, 32;
    %jmp T_0.16;
T_0.16 ;
    %pop/vec4 1;
    %jmp T_0;
    .thread T_0, $push;
    .scope S_000001cebdf2eb90;
T_1 ;
    %vpi_call 2 15 "$dumpfile", "tb.vcd" {0 0 0};
    %vpi_call 2 16 "$dumpvars", 32'sb00000000000000000000000000000000, S_000001cebdf2eb90 {0 0 0};
    %pushi/vec4 4042322160, 0, 32;
    %store/vec4 v000001cebdf2b8e0_0, 0, 32;
    %pushi/vec4 252645135, 0, 32;
    %store/vec4 v000001cebdf2ba20_0, 0, 32;
    %pushi/vec4 0, 0, 4;
    %store/vec4 v000001cebdf2b980_0, 0, 4;
    %delay 10, 0;
    %pushi/vec4 1, 0, 4;
    %store/vec4 v000001cebdf2b980_0, 0, 4;
    %delay 10, 0;
    %pushi/vec4 2, 0, 4;
    %store/vec4 v000001cebdf2b980_0, 0, 4;
    %delay 10, 0;
    %pushi/vec4 3, 0, 4;
    %store/vec4 v000001cebdf2b980_0, 0, 4;
    %delay 10, 0;
    %pushi/vec4 4, 0, 4;
    %store/vec4 v000001cebdf2b980_0, 0, 4;
    %delay 10, 0;
    %pushi/vec4 305419896, 0, 32;
    %store/vec4 v000001cebdf2b8e0_0, 0, 32;
    %pushi/vec4 2271560481, 0, 32;
    %store/vec4 v000001cebdf2ba20_0, 0, 32;
    %pushi/vec4 5, 0, 4;
    %store/vec4 v000001cebdf2b980_0, 0, 4;
    %delay 10, 0;
    %pushi/vec4 6, 0, 4;
    %store/vec4 v000001cebdf2b980_0, 0, 4;
    %delay 10, 0;
    %pushi/vec4 7, 0, 4;
    %store/vec4 v000001cebdf2b980_0, 0, 4;
    %delay 10, 0;
    %pushi/vec4 8, 0, 4;
    %store/vec4 v000001cebdf2b980_0, 0, 4;
    %delay 10, 0;
    %pushi/vec4 9, 0, 4;
    %store/vec4 v000001cebdf2b980_0, 0, 4;
    %delay 10, 0;
    %pushi/vec4 10, 0, 4;
    %store/vec4 v000001cebdf2b980_0, 0, 4;
    %delay 10, 0;
    %pushi/vec4 11, 0, 4;
    %store/vec4 v000001cebdf2b980_0, 0, 4;
    %delay 10, 0;
    %pushi/vec4 12, 0, 4;
    %store/vec4 v000001cebdf2b980_0, 0, 4;
    %delay 10, 0;
    %pushi/vec4 13, 0, 4;
    %store/vec4 v000001cebdf2b980_0, 0, 4;
    %delay 10, 0;
    %pushi/vec4 14, 0, 4;
    %store/vec4 v000001cebdf2b980_0, 0, 4;
    %delay 10, 0;
    %pushi/vec4 305419896, 0, 32;
    %store/vec4 v000001cebdf2ba20_0, 0, 32;
    %pushi/vec4 15, 0, 4;
    %store/vec4 v000001cebdf2b980_0, 0, 4;
    %delay 10, 0;
    %pushi/vec4 2271560481, 0, 32;
    %store/vec4 v000001cebdf2ba20_0, 0, 32;
    %delay 10, 0;
    %vpi_call 2 67 "$finish" {0 0 0};
    %end;
    .thread T_1;
# The file index is used to find the file name in the following table.
:file_names 4;
    "N/A";
    "<interactive>";
    "alu_32bit_tb.v";
    "alu_32bit.v";
